make --dry-run --always-make --keep-going --print-directory
make: Entering directory `/Users/briffard/Desktop/eval/filler/Carl'
make -C ./libft
mkdir -p obj
gcc -c -Wall -Werror -Wextra -I. -I./libft/ -o obj/allocate.o src/allocate.c
gcc -c -Wall -Werror -Wextra -I. -I./libft/ -o obj/boolean_array.o src/boolean_array.c
gcc -c -Wall -Werror -Wextra -I. -I./libft/ -o obj/can_place_piece.o src/can_place_piece.c
gcc -c -Wall -Werror -Wextra -I. -I./libft/ -o obj/cleanup.o src/cleanup.c
gcc -c -Wall -Werror -Wextra -I. -I./libft/ -o obj/command.o src/command.c
gcc -c -Wall -Werror -Wextra -I. -I./libft/ -o obj/get_map_info.o src/get_map_info.c
gcc -c -Wall -Werror -Wextra -I. -I./libft/ -o obj/get_piece_info.o src/get_piece_info.c
gcc -c -Wall -Werror -Wextra -I. -I./libft/ -o obj/main.o src/main.c
gcc -c -Wall -Werror -Wextra -I. -I./libft/ -o obj/parse.o src/parse.c
gcc -c -Wall -Werror -Wextra -I. -I./libft/ -o obj/player_symbol.o src/player_symbol.c
 
gcc -c -Wall -Werror -Wextra -I. -I./libft/ -o obj/queue.o src/queue.c
gcc -c -Wall -Werror -Wextra -I. -I./libft/ -o obj/skip_line.o src/skip_line.c
gcc -c -Wall -Werror -Wextra -I. -I./libft/ -o obj/solve.o src/solve.c
gcc -c -Wall -Werror -Wextra -I. -I./libft/ -o obj/update_heatmap.o src/update_heatmap.c
gcc -Wall -Werror -Wextra ./obj/allocate.o ./obj/boolean_array.o ./obj/can_place_piece.o ./obj/cleanup.o ./obj/command.o ./obj/get_map_info.o ./obj/get_piece_info.o ./obj/main.o ./obj/parse.o ./obj/player_symbol.o ./obj/queue.o ./obj/skip_line.o ./obj/solve.o ./obj/update_heatmap.o -L./libft/ -lft -o cnysten.filler
make: Leaving directory `/Users/briffard/Desktop/eval/filler/Carl'
 
