make all --print-data-base --no-builtin-variables --no-builtin-rules --question
# GNU Make 3.81
# Copyright (C) 2006  Free Software Foundation, Inc.
# This is free software; see the source for copying conditions.
# There is NO warranty; not even for MERCHANTABILITY or FITNESS FOR A
# PARTICULAR PURPOSE.

# This program built for i386-apple-darwin11.3.0
 

# Make data base, printed on Fri Jul 22 08:59:48 2022

# Variables

# automatic
<D = $(patsubst %/,%,$(dir $<))
# automatic
?F = $(notdir $?)
 
# makefile (from `Makefile', line 29)
OBJ := ./obj/allocate.o ./obj/boolean_array.o ./obj/can_place_piece.o ./obj/cleanup.o ./obj/command.o ./obj/get_map_info.o ./obj/get_piece_info.o ./obj/main.o ./obj/parse.o ./obj/player_symbol.o ./obj/queue.o ./obj/skip_line.o ./obj/solve.o ./obj/update_heatmap.o
# makefile (from `Makefile', line 25)
SRC := ./src/allocate.c ./src/boolean_array.c ./src/can_place_piece.c ./src/cleanup.c ./src/command.c ./src/get_map_info.c ./src/get_piece_info.c ./src/main.c ./src/parse.c ./src/player_symbol.c ./src/queue.c ./src/skip_line.c ./src/solve.c ./src/update_heatmap.c
# environment
NVM_INC = /Users/briffard/.nvm/versions/node/v18.0.0/include/node
# automatic
?D = $(patsubst %/,%,$(dir $?))
# automatic
@D = $(patsubst %/,%,$(dir $@))
# automatic
@F = $(notdir $@)
# makefile
CURDIR := /Users/briffard/Desktop/eval/filler/Carl
# makefile (from `Makefile', line 32)
LINK := -L./libft/ -lft
# makefile
SHELL = /bin/sh
# environment
VSCODE_NLS_CONFIG = {"locale":"en-us","availableLanguages":{},"_languagePackSupport":true}
# environment
_ = /usr/bin/make
# makefile (from `Makefile', line 18)
CFLAGS := -Wall -Werror -Wextra
# makefile (from `Makefile', line 1)
MAKEFILE_LIST :=  Makefile
# makefile (from `Makefile', line 27)
OBJ_DIR := ./obj
# environment
VSCODE_CWD = /
# environment
Apple_PubSub_Socket_Render = /private/tmp/com.apple.launchd.QdJza0BsEO/Render
# makefile (from `Makefile', line 28)
OBJ_FILES := allocate.o boolean_array.o can_place_piece.o cleanup.o command.o get_map_info.o get_piece_info.o main.o parse.o player_symbol.o queue.o skip_line.o solve.o update_heatmap.o
# environment
PATH = /Users/briffard/.nvm/versions/node/v18.0.0/bin:/Users/briffard/.brew/bin:/opt/homebrew/bin:/usr/local/bin:/usr/bin:/bin:/usr/sbin:/sbin:/usr/local/munki
# environment
LSCOLORS = Gxfxcxdxbxegedabagacad
# environment
NVM_BIN = /Users/briffard/.nvm/versions/node/v18.0.0/bin
# environment
ELECTRON_RUN_AS_NODE = 1
# default
.FEATURES := target-specific order-only second-expansion else-if archives jobserver check-symlink
# environment
SSH_AUTH_SOCK = /private/tmp/com.apple.launchd.0j9uubC0n8/Listeners
# automatic
%F = $(notdir $%)
# environment
PWD = /Users/briffard/Desktop/eval/filler/Carl
# environment
ORIGINAL_XDG_CURRENT_DESKTOP = undefined
# environment
VSCODE_AMD_ENTRYPOINT = vs/workbench/api/node/extensionHostProcess
# environment
HOME = /Users/briffard
# default
MAKEFILEPATH := /Applications/Xcode.app/Contents/Developer/Makefiles
# environment
VSCODE_CODE_CACHE_PATH = /Users/briffard/Library/Application Support/Code/CachedData/b06ae3b2d2dbfe28bca3134cc6be65935cdfea6a
# environment
LOGNAME = briffard
# environment
APPLICATION_INSIGHTS_NO_DIAGNOSTIC_CHANNEL = 1
# environment
NVM_CD_FLAGS = -q
# environment
ZSH = /Users/briffard/.oh-my-zsh
# environment
VSCODE_HANDLES_UNCAUGHT_ERRORS = true
# automatic
^D = $(patsubst %/,%,$(dir $^))
# environment
XPC_FLAGS = 0x0
# default
MAKE = $(MAKE_COMMAND)
# default
MAKECMDGOALS := all
# environment
SHLVL = 1
# makefile (from `Makefile', line 31)
LIBFT = ./libft/libft.a
# makefile (from `Makefile', line 17)
CC = gcc
# default
MAKE_VERSION := 3.81
# environment
USER = briffard
# makefile
.DEFAULT_GOAL := all
# makefile (from `Makefile', line 15)
NAME := cnysten.filler
# environment
LESS = -R
# automatic
%D = $(patsubst %/,%,$(dir $%))
# default
MAKE_COMMAND := /Applications/Xcode.app/Contents/Developer/usr/bin/make
# makefile (from `Makefile', line 19)
INC := -I. -I./libft/
# default
.VARIABLES := 
# environment
TMPDIR = /var/folders/zz/zyxvpxvq6csfxvn_n0000l580004s_/T/
# automatic
*F = $(notdir $*)
# environment
VSCODE_IPC_HOOK = /Users/briffard/Library/Application Support/Code/1.69.1-main.sock
# environment
MallocNanoZone = 0
# makefile
MAKEFLAGS = Rrqp
# environment
MFLAGS = -Rrqp
# automatic
*D = $(patsubst %/,%,$(dir $*))
# environment
NVM_DIR = /Users/briffard/.nvm
# environment
XPC_SERVICE_NAME = com.apple.xpc.launchd.oneshot.0x10000005.Electron
# automatic
+D = $(patsubst %/,%,$(dir $+))
# automatic
+F = $(notdir $+)
# environment
__CF_USER_TEXT_ENCODING = 0x132A:0x0:0x0
# environment
COMMAND_MODE = unix2003
# default
MAKEFILES := 
# makefile (from `Makefile', line 21)
SRC_DIR := ./src
# automatic
<F = $(notdir $<)
# environment
PAGER = less
# environment
LC_ALL = C
# environment
SECURITYSESSIONID = 186a8
# automatic
^F = $(notdir $^)
# makefile (from `Makefile', line 22)
SRC_FILES := allocate.c boolean_array.c can_place_piece.c cleanup.c command.c get_map_info.c get_piece_info.c main.c parse.c player_symbol.c queue.c skip_line.c solve.c update_heatmap.c
# default
SUFFIXES := 
# default
.INCLUDE_DIRS = /usr/local/include
# environment
MAKELEVEL := 0
# environment
LANG = C
# environment
VSCODE_PID = 1769
# variable set hash-table stats:
# Load=79/1024=8%, Rehash=0, Collisions=3/119=3%

# Pattern-specific Variable Values

# No pattern-specific variable values.

# Directories

# . (device 16777227, inode 3292665): 18 files, no impossibilities.
# ./src (device 16777227, inode 3292810): 16 files, no impossibilities so far.
# src (device 16777227, inode 3292810): 16 files, no impossibilities so far.

# 50 files, no impossibilities in 3 directories.

# Implicit Rules

obj/%.o: ./src/%.c
#  commands to execute (from `Makefile', line 43):
	@$(CC) -c $(CFLAGS) $(INC) -o $@ $<
	

# 1 implicit rules, 0 (0.0%) terminal.

# Files

obj/boolean_array.o: src/boolean_array.c
#  Implicit rule search has been done.
#  Implicit/static pattern stem: `boolean_array'
#  Last modified 2022-06-30 09:29:21
#  File has been updated.
#  Successfully updated.
# variable set hash-table stats:
# Load=0/32=0%, Rehash=0, Collisions=0/0=0%
#  commands to execute (from `Makefile', line 43):
	@$(CC) -c $(CFLAGS) $(INC) -o $@ $<
	

obj/cleanup.o: src/cleanup.c
#  Implicit rule search has been done.
#  Implicit/static pattern stem: `cleanup'
#  Last modified 2022-06-30 09:29:21
#  File has been updated.
#  Successfully updated.
# variable set hash-table stats:
# Load=0/32=0%, Rehash=0, Collisions=0/0=0%
#  commands to execute (from `Makefile', line 43):
	@$(CC) -c $(CFLAGS) $(INC) -o $@ $<
	

all,:
#  Phony target (prerequisite of .PHONY).
#  Implicit rule search has not been done.
#  File does not exist.
#  File has not been updated.

fsan,:
#  Phony target (prerequisite of .PHONY).
#  Implicit rule search has not been done.
#  File does not exist.
#  File has not been updated.

# Not a target:
src/allocate.c:
#  Implicit rule search has been done.
#  Last modified 2022-06-30 09:22:23
#  File has been updated.
#  Successfully updated.
# variable set hash-table stats:
# Load=0/32=0%, Rehash=0, Collisions=0/0=0%

# Not a target:
src/command.c:
#  Implicit rule search has been done.
#  Last modified 2022-06-30 09:22:23
#  File has been updated.
#  Successfully updated.
# variable set hash-table stats:
# Load=0/32=0%, Rehash=0, Collisions=0/0=0%

# Not a target:
src/get_piece_info.c:
#  Implicit rule search has been done.
#  Last modified 2022-06-30 09:22:23
#  File has been updated.
#  Successfully updated.
# variable set hash-table stats:
# Load=0/32=0%, Rehash=0, Collisions=0/0=0%

all: cnysten.filler
#  Command-line target.
#  Implicit rule search has been done.
#  File does not exist.
#  File has been updated.
#  Successfully updated.
# variable set hash-table stats:
# Load=0/32=0%, Rehash=0, Collisions=0/0=0%

cnysten.filler: libft/libft.a obj obj/allocate.o obj/boolean_array.o obj/can_place_piece.o obj/cleanup.o obj/command.o obj/get_map_info.o obj/get_piece_info.o obj/main.o obj/parse.o obj/player_symbol.o obj/queue.o obj/skip_line.o obj/solve.o obj/update_heatmap.o
#  Implicit rule search has not been done.
#  Last modified 2022-06-30 09:29:22
#  File has been updated.
#  Successfully updated.
# variable set hash-table stats:
# Load=0/32=0%, Rehash=0, Collisions=0/0=0%
#  commands to execute (from `Makefile', line 37):
	$(CC) $(CFLAGS) $(OBJ) $(LINK) -o $(@)
	

fsan: all
#  Implicit rule search has not been done.
#  Modification time never checked.
#  File has not been updated.
# makefile (from `Makefile', line 48)
# CFLAGS += -g -fsanitize=address
# variable set hash-table stats:
 
# Load=1/32=3%, Rehash=0, Collisions=0/2=0%

.PHONY: all, debug, fsan, clean, fclean, re
#  Implicit rule search has not been done.
#  Modification time never checked.
#  File has not been updated.

obj/player_symbol.o: src/player_symbol.c
#  Implicit rule search has been done.
#  Implicit/static pattern stem: `player_symbol'
#  Last modified 2022-06-30 09:29:22
#  File has been updated.
#  Successfully updated.
# variable set hash-table stats:
# Load=0/32=0%, Rehash=0, Collisions=0/0=0%
#  commands to execute (from `Makefile', line 43):
	@$(CC) -c $(CFLAGS) $(INC) -o $@ $<
	

# Not a target:
src/get_map_info.c:
#  Implicit rule search has been done.
#  Last modified 2022-06-30 09:22:23
#  File has been updated.
#  Successfully updated.
# variable set hash-table stats:
# Load=0/32=0%, Rehash=0, Collisions=0/0=0%

# Not a target:
src/skip_line.c:
#  Implicit rule search has been done.
#  Last modified 2022-06-30 09:22:23
#  File has been updated.
#  Successfully updated.
# variable set hash-table stats:
# Load=0/32=0%, Rehash=0, Collisions=0/0=0%

obj/update_heatmap.o: src/update_heatmap.c
#  Implicit rule search has been done.
#  Implicit/static pattern stem: `update_heatmap'
#  Last modified 2022-06-30 09:29:22
#  File has been updated.
#  Successfully updated.
# variable set hash-table stats:
# Load=0/32=0%, Rehash=0, Collisions=0/0=0%
#  commands to execute (from `Makefile', line 43):
	@$(CC) -c $(CFLAGS) $(INC) -o $@ $<
	

debug,:
#  Phony target (prerequisite of .PHONY).
#  Implicit rule search has not been done.
#  File does not exist.
#  File has not been updated.

obj/main.o: src/main.c
#  Implicit rule search has been done.
#  Implicit/static pattern stem: `main'
#  Last modified 2022-06-30 09:29:22
#  File has been updated.
#  Successfully updated.
# variable set hash-table stats:
# Load=0/32=0%, Rehash=0, Collisions=0/0=0%
#  commands to execute (from `Makefile', line 43):
	@$(CC) -c $(CFLAGS) $(INC) -o $@ $<
	

# Not a target:
.SUFFIXES:
#  Implicit rule search has not been done.
#  Modification time never checked.
#  File has not been updated.

# Not a target:
Makefile:
#  Implicit rule search has been done.
#  Last modified 2022-06-30 09:22:23
#  File has been updated.
#  Successfully updated.
# variable set hash-table stats:
# Load=0/32=0%, Rehash=0, Collisions=0/0=0%

# Not a target:
src/boolean_array.c:
#  Implicit rule search has been done.
#  Last modified 2022-06-30 09:22:23
#  File has been updated.
#  Successfully updated.
# variable set hash-table stats:
# Load=0/32=0%, Rehash=0, Collisions=0/0=0%

# Not a target:
src/cleanup.c:
#  Implicit rule search has been done.
#  Last modified 2022-06-30 09:22:23
#  File has been updated.
#  Successfully updated.
# variable set hash-table stats:
# Load=0/32=0%, Rehash=0, Collisions=0/0=0%

debug: all
#  Implicit rule search has not been done.
#  Modification time never checked.
#  File has not been updated.
# makefile (from `Makefile', line 51)
# CFLAGS += -g
# variable set hash-table stats:
# Load=1/32=3%, Rehash=0, Collisions=0/2=0%

obj/solve.o: src/solve.c
#  Implicit rule search has been done.
#  Implicit/static pattern stem: `solve'
#  Last modified 2022-06-30 09:29:22
#  File has been updated.
#  Successfully updated.
# variable set hash-table stats:
# Load=0/32=0%, Rehash=0, Collisions=0/0=0%
#  commands to execute (from `Makefile', line 43):
	@$(CC) -c $(CFLAGS) $(INC) -o $@ $<
	

# Not a target:
src/player_symbol.c:
#  Implicit rule search has been done.
#  Last modified 2022-06-30 09:22:23
#  File has been updated.
#  Successfully updated.
# variable set hash-table stats:
# Load=0/32=0%, Rehash=0, Collisions=0/0=0%

fclean,:
#  Phony target (prerequisite of .PHONY).
#  Implicit rule search has not been done.
#  File does not exist.
#  File has not been updated.

libft/libft.a:
#  Implicit rule search has not been done.
#  Last modified 2022-06-30 09:29:21
#  File has been updated.
#  Successfully updated.
#  commands to execute (from `Makefile', line 46):
	-@make -C ./libft
	

fclean: clean
#  Implicit rule search has not been done.
#  Modification time never checked.
#  File has not been updated.
#  commands to execute (from `Makefile', line 59):
	-@make -C ./libft fclean
	-@/bin/rm $(NAME)
	

# Not a target:
src/update_heatmap.c:
#  Implicit rule search has been done.
#  Last modified 2022-06-30 09:22:23
#  File has been updated.
#  Successfully updated.
# variable set hash-table stats:
# Load=0/32=0%, Rehash=0, Collisions=0/0=0%

# Not a target:
src/main.c:
#  Implicit rule search has been done.
#  Last modified 2022-06-30 09:22:23
#  File has been updated.
#  Successfully updated.
# variable set hash-table stats:
# Load=0/32=0%, Rehash=0, Collisions=0/0=0%

obj/can_place_piece.o: src/can_place_piece.c
#  Implicit rule search has been done.
#  Implicit/static pattern stem: `can_place_piece'
#  Last modified 2022-06-30 09:29:21
#  File has been updated.
#  Successfully updated.
# variable set hash-table stats:
# Load=0/32=0%, Rehash=0, Collisions=0/0=0%
#  commands to execute (from `Makefile', line 43):
	@$(CC) -c $(CFLAGS) $(INC) -o $@ $<
	

obj:
#  Implicit rule search has not been done.
#  Last modified 2022-06-30 09:29:22
#  File has been updated.
#  Successfully updated.
#  commands to execute (from `Makefile', line 40):
	@mkdir -p $(@)
	

# Not a target:
.DEFAULT:
#  Implicit rule search has not been done.
#  Modification time never checked.
#  File has not been updated.

# Not a target:
src/solve.c:
#  Implicit rule search has been done.
#  Last modified 2022-06-30 09:22:23
#  File has been updated.
#  Successfully updated.
# variable set hash-table stats:
# Load=0/32=0%, Rehash=0, Collisions=0/0=0%

clean,:
#  Phony target (prerequisite of .PHONY).
#  Implicit rule search has not been done.
#  File does not exist.
#  File has not been updated.

obj/queue.o: src/queue.c
#  Implicit rule search has been done.
#  Implicit/static pattern stem: `queue'
#  Last modified 2022-06-30 09:29:22
#  File has been updated.
#  Successfully updated.
# variable set hash-table stats:
# Load=0/32=0%, Rehash=0, Collisions=0/0=0%
#  commands to execute (from `Makefile', line 43):
	@$(CC) -c $(CFLAGS) $(INC) -o $@ $<
	

re: fclean all
#  Phony target (prerequisite of .PHONY).
#  Implicit rule search has not been done.
#  File does not exist.
#  File has not been updated.

obj/parse.o: src/parse.c
#  Implicit rule search has been done.
#  Implicit/static pattern stem: `parse'
#  Last modified 2022-06-30 09:29:22
#  File has been updated.
#  Successfully updated.
# variable set hash-table stats:
# Load=0/32=0%, Rehash=0, Collisions=0/0=0%
#  commands to execute (from `Makefile', line 43):
	@$(CC) -c $(CFLAGS) $(INC) -o $@ $<
	

clean:
#  Implicit rule search has not been done.
#  Modification time never checked.
#  File has not been updated.
#  commands to execute (from `Makefile', line 55):
	-@make -C ./libft clean
	-@/bin/rm -rf $(OBJ_DIR)
	

# Not a target:
src/can_place_piece.c:
#  Implicit rule search has been done.
#  Last modified 2022-06-30 09:22:23
#  File has been updated.
#  Successfully updated.
# variable set hash-table stats:
# Load=0/32=0%, Rehash=0, Collisions=0/0=0%

obj/allocate.o: src/allocate.c
#  Implicit rule search has been done.
#  Implicit/static pattern stem: `allocate'
#  Last modified 2022-06-30 09:29:21
#  File has been updated.
#  Successfully updated.
# variable set hash-table stats:
# Load=0/32=0%, Rehash=0, Collisions=0/0=0%
#  commands to execute (from `Makefile', line 43):
	@$(CC) -c $(CFLAGS) $(INC) -o $@ $<
	

obj/command.o: src/command.c
#  Implicit rule search has been done.
#  Implicit/static pattern stem: `command'
#  Last modified 2022-06-30 09:29:22
#  File has been updated.
#  Successfully updated.
# variable set hash-table stats:
# Load=0/32=0%, Rehash=0, Collisions=0/0=0%
#  commands to execute (from `Makefile', line 43):
	@$(CC) -c $(CFLAGS) $(INC) -o $@ $<
	

obj/get_piece_info.o: src/get_piece_info.c
#  Implicit rule search has been done.
#  Implicit/static pattern stem: `get_piece_info'
#  Last modified 2022-06-30 09:29:22
#  File has been updated.
#  Successfully updated.
# variable set hash-table stats:
 
# Load=0/32=0%, Rehash=0, Collisions=0/0=0%
#  commands to execute (from `Makefile', line 43):
	@$(CC) -c $(CFLAGS) $(INC) -o $@ $<
	

# Not a target:
src/queue.c:
#  Implicit rule search has been done.
#  Last modified 2022-06-30 09:22:23
#  File has been updated.
#  Successfully updated.
# variable set hash-table stats:
# Load=0/32=0%, Rehash=0, Collisions=0/0=0%

obj/get_map_info.o: src/get_map_info.c
#  Implicit rule search has been done.
#  Implicit/static pattern stem: `get_map_info'
#  Last modified 2022-06-30 09:29:22
#  File has been updated.
#  Successfully updated.
# variable set hash-table stats:
# Load=0/32=0%, Rehash=0, Collisions=0/0=0%
#  commands to execute (from `Makefile', line 43):
	@$(CC) -c $(CFLAGS) $(INC) -o $@ $<
	

# Not a target:
src/parse.c:
#  Implicit rule search has been done.
#  Last modified 2022-06-30 09:22:23
#  File has been updated.
#  Successfully updated.
# variable set hash-table stats:
# Load=0/32=0%, Rehash=0, Collisions=0/0=0%

obj/skip_line.o: src/skip_line.c
#  Implicit rule search has been done.
#  Implicit/static pattern stem: `skip_line'
#  Last modified 2022-06-30 09:29:22
#  File has been updated.
#  Successfully updated.
# variable set hash-table stats:
# Load=0/32=0%, Rehash=0, Collisions=0/0=0%
#  commands to execute (from `Makefile', line 43):
	@$(CC) -c $(CFLAGS) $(INC) -o $@ $<
	

# files hash-table stats:
# Load=46/1024=4%, Rehash=0, Collisions=0/133=0%
# VPATH Search Paths

# No `vpath' search paths.

# No general (`VPATH' variable) search path.

# # of strings in strcache: 1
# # of strcache buffers: 1
# strcache size: total = 4096 / max = 4096 / min = 4096 / avg = 4096
# strcache free: total = 4087 / max = 4087 / min = 4087 / avg = 4087

# Finished Make data base on Fri Jul 22 08:59:48 2022

 
